-------------------------------------------------------------------------------
Test set: br.com.ubs.bank.ubsbank.UbsBankApplicationTests
-------------------------------------------------------------------------------
Tests run: 1, Failures: 0, Errors: 1, Skipped: 0, Time elapsed: 2.741 s <<< FAILURE! - in br.com.ubs.bank.ubsbank.UbsBankApplicationTests
contextLoads  Time elapsed: 0.002 s  <<< ERROR!
java.lang.IllegalStateException: Failed to load ApplicationContext
Caused by: org.springframework.beans.factory.support.BeanDefinitionOverrideException: Invalid bean definition with name 'jsonStep' defined in class path resource [br/com/ubs/bank/ubsbank/batch/step/JsonStep.class]: Cannot register bean definition [Root bean: class [null]; scope=; abstract=false; lazyInit=null; autowireMode=3; dependencyCheck=0; autowireCandidate=true; primary=false; factoryBeanName=jsonStep; factoryMethodName=jsonStep; initMethodName=null; destroyMethodName=(inferred); defined in class path resource [br/com/ubs/bank/ubsbank/batch/step/JsonStep.class]] for bean 'jsonStep': There is already [Generic bean: class [br.com.ubs.bank.ubsbank.batch.step.JsonStep]; scope=singleton; abstract=false; lazyInit=null; autowireMode=0; dependencyCheck=0; autowireCandidate=true; primary=false; factoryBeanName=null; factoryMethodName=null; initMethodName=null; destroyMethodName=null; defined in file [/Users/ricardossbr/dev/ubs-bank-test/target/classes/br/com/ubs/bank/ubsbank/batch/step/JsonStep.class]] bound.

